<?xml version="1.0" encoding="UTF-8"?>
<testsuite xmlns:xsi="http://www.w3.org/2001/XMLSchema-instance" xsi:noNamespaceSchemaLocation="https://maven.apache.org/surefire/maven-surefire-plugin/xsd/surefire-test-report.xsd" version="3.0.2" name="dev.mgmeral.ticket.service.impl.HoldServiceImplTest" time="0.488" tests="11" errors="0" skipped="0" failures="0">
  <properties>
[...]
</properties>
  <testcase name="release_shouldThrowEntityNotFound_whenMissing" classname="dev.mgmeral.ticket.service.impl.HoldServiceImplTest" time="0.299"/>
  <testcase name="getById_shouldReturnResponse_whenFound" classname="dev.mgmeral.ticket.service.impl.HoldServiceImplTest" time="0.019"/>
  <testcase name="create_shouldCreateHold_whenCapacityIsEnough_andReturnResponse" classname="dev.mgmeral.ticket.service.impl.HoldServiceImplTest" time="0.111">
    <system-out><![CDATA[03:23:52.220 [main] INFO dev.mgmeral.ticket.service.impl.HoldServiceImpl -- hold.create.start seanceId=100 userId=55 qty=3 idemKey=idem-2
03:23:52.233 [main] INFO dev.mgmeral.ticket.service.impl.HoldServiceImpl -- hold.created holdId=null seanceId=100 userId=55 qty=3 expiresAt=2026-01-20T00:28:52.220077300Z
]]></system-out>
  </testcase>
  <testcase name="create_shouldRecoverFromDuplicateKey_andReturnExistingHold" classname="dev.mgmeral.ticket.service.impl.HoldServiceImplTest" time="0.018">
    <system-out><![CDATA[03:23:52.255 [main] INFO dev.mgmeral.ticket.service.impl.HoldServiceImpl -- hold.create.start seanceId=77 userId=9 qty=1 idemKey=idem-dup
03:23:52.258 [main] INFO dev.mgmeral.ticket.service.impl.HoldServiceImpl -- hold.create.dupRecovered holdId=500 seanceId=77 userId=9 status=HELD expiresAt=2028-01-01T00:05:00Z
]]></system-out>
  </testcase>
  <testcase name="release_shouldDoNothing_whenStatusIsNotHELD" classname="dev.mgmeral.ticket.service.impl.HoldServiceImplTest" time="0.004">
    <system-out><![CDATA[03:23:52.262 [main] INFO dev.mgmeral.ticket.service.impl.HoldServiceImpl -- hold.release.noop holdId=1 status=RELEASED seanceId=null userId=null
]]></system-out>
  </testcase>
  <testcase name="create_shouldThrowEntityNotFound_whenSeanceMissing" classname="dev.mgmeral.ticket.service.impl.HoldServiceImplTest" time="0.005">
    <system-out><![CDATA[03:23:52.266 [main] INFO dev.mgmeral.ticket.service.impl.HoldServiceImpl -- hold.create.start seanceId=999 userId=0 qty=0 idemKey=idem-x
]]></system-out>
  </testcase>
  <testcase name="create_shouldReturnExistingHold_whenIdempotencyKeyAlreadyUsed" classname="dev.mgmeral.ticket.service.impl.HoldServiceImplTest" time="0.003">
    <system-out><![CDATA[03:23:52.270 [main] INFO dev.mgmeral.ticket.service.impl.HoldServiceImpl -- hold.create.start seanceId=0 userId=0 qty=0 idemKey=idem-1
03:23:52.270 [main] INFO dev.mgmeral.ticket.service.impl.HoldServiceImpl -- hold.create.idempotentHit holdId=11 seanceId=99 userId=7 status=HELD expiresAt=2028-01-01T00:05:00Z
]]></system-out>
  </testcase>
  <testcase name="create_shouldRethrowDuplicateKey_whenSecondLookupMissing" classname="dev.mgmeral.ticket.service.impl.HoldServiceImplTest" time="0.008">
    <system-out><![CDATA[03:23:52.277 [main] INFO dev.mgmeral.ticket.service.impl.HoldServiceImpl -- hold.create.start seanceId=88 userId=9 qty=1 idemKey=idem-dup2
]]></system-out>
  </testcase>
  <testcase name="create_shouldThrowIllegalArgumentException_whenInsufficientCapacity" classname="dev.mgmeral.ticket.service.impl.HoldServiceImplTest" time="0.008">
    <system-out><![CDATA[03:23:52.285 [main] INFO dev.mgmeral.ticket.service.impl.HoldServiceImpl -- hold.create.start seanceId=10 userId=0 qty=6 idemKey=idem-cap
03:23:52.286 [main] WARN dev.mgmeral.ticket.service.impl.HoldServiceImpl -- hold.create.insufficientCapacity seanceId=10 requested=6 available=2 userId=0
]]></system-out>
  </testcase>
  <testcase name="getById_shouldThrowEntityNotFound_whenMissing" classname="dev.mgmeral.ticket.service.impl.HoldServiceImplTest" time="0.004"/>
  <testcase name="release_shouldSetReleased_andSave_whenStatusIsHELD" classname="dev.mgmeral.ticket.service.impl.HoldServiceImplTest" time="0.003">
    <system-out><![CDATA[03:23:52.295 [main] INFO dev.mgmeral.ticket.service.impl.HoldServiceImpl -- hold.released holdId=1 seanceId=null userId=null at=2026-01-20T00:23:52.295478700Z
]]></system-out>
  </testcase>
</testsuite>